Using pre-set license
Built from '2020.3/staging' branch; Version is '2020.3.19f1 (68f137dc9bbe) revision 6877495'; Using compiler version '192528614'; Build Type 'Release'
OS: 'Windows 10 Home; OS build 19043.1288; Version 2009; 64bit' Language: 'es' Physical Memory: 16309 MB
BatchMode: 1, IsHumanControllingUs: 0, StartBugReporterOnCrash: 0, Is64bit: 1, IsPro: 0

COMMAND LINE ARGUMENTS:
C:\Program Files\Unity\Hub\Editor\2020.3.19f1\Editor\Unity.exe
-adb2
-batchMode
-noUpm
-name
AssetImportWorker0
-projectPath
D:/Alexander_Hidalgo_Unity/entregable4_alexander_hidalgo/Entregable 4
-logFile
Logs/AssetImportWorker0.log
-srvPort
59546
Successfully changed project path to: D:/Alexander_Hidalgo_Unity/entregable4_alexander_hidalgo/Entregable 4
D:/Alexander_Hidalgo_Unity/entregable4_alexander_hidalgo/Entregable 4
Using Asset Import Pipeline V2.
Refreshing native plugins compatible for Editor in 23.61 ms, found 2 plugins.
Preloading 0 native plugins for Editor in 0.00 ms.
Initialize engine version: 2020.3.19f1 (68f137dc9bbe)
[Subsystems] Discovering subsystems at path C:/Program Files/Unity/Hub/Editor/2020.3.19f1/Editor/Data/Resources/UnitySubsystems
[Subsystems] Discovering subsystems at path D:/Alexander_Hidalgo_Unity/entregable4_alexander_hidalgo/Entregable 4/Assets
GfxDevice: creating device client; threaded=0
Direct3D:
    Version:  Direct3D 11.0 [level 11.1]
    Renderer: NVIDIA GeForce RTX 3060 (ID=0x2503)
    Vendor:   
    VRAM:     12143 MB
    Driver:   27.21.14.6172
Initialize mono
Mono path[0] = 'C:/Program Files/Unity/Hub/Editor/2020.3.19f1/Editor/Data/Managed'
Mono path[1] = 'C:/Program Files/Unity/Hub/Editor/2020.3.19f1/Editor/Data/MonoBleedingEdge/lib/mono/unityjit'
Mono config path = 'C:/Program Files/Unity/Hub/Editor/2020.3.19f1/Editor/Data/MonoBleedingEdge/etc'
Using monoOptions --debugger-agent=transport=dt_socket,embedding=1,server=y,suspend=n,address=127.0.0.1:56400
Begin MonoManager ReloadAssembly
Registering precompiled unity dll's ...
Register platform support module: C:/Program Files/Unity/Hub/Editor/2020.3.19f1/Editor/Data/PlaybackEngines/WindowsStandaloneSupport/UnityEditor.WindowsStandalone.Extensions.dll
Registered in 0.001649 seconds.
Native extension for WindowsStandalone target not found
Refreshing native plugins compatible for Editor in 24.00 ms, found 2 plugins.
Preloading 0 native plugins for Editor in 0.00 ms.
Mono: successfully reloaded assembly
- Completed reload, in  0.844 seconds
Domain Reload Profiling:
	ReloadAssembly (845ms)
		BeginReloadAssembly (43ms)
			ExecutionOrderSort (0ms)
			DisableScriptedObjects (0ms)
			BackupInstance (0ms)
			ReleaseScriptingObjects (0ms)
			CreateAndSetChildDomain (1ms)
		EndReloadAssembly (320ms)
			LoadAssemblies (41ms)
			RebuildTransferFunctionScriptingTraits (0ms)
			SetupTypeCache (119ms)
			ReleaseScriptCaches (0ms)
			RebuildScriptCaches (24ms)
			SetupLoadedEditorAssemblies (121ms)
				LogAssemblyErrors (0ms)
				InitializePlatformSupportModulesInManaged (3ms)
				SetLoadedEditorAssemblies (0ms)
				RefreshPlugins (24ms)
				BeforeProcessingInitializeOnLoad (6ms)
				ProcessInitializeOnLoadAttributes (64ms)
				ProcessInitializeOnLoadMethodAttributes (23ms)
				AfterProcessingInitializeOnLoad (0ms)
				EditorAssembliesLoaded (0ms)
			ExecutionOrderSort2 (0ms)
			AwakeInstancesAfterBackupRestoration (0ms)
Platform modules already initialized, skipping
Registering precompiled user dll's ...
Registered in 0.001416 seconds.
Begin MonoManager ReloadAssembly
Native extension for WindowsStandalone target not found
Refreshing native plugins compatible for Editor in 0.31 ms, found 2 plugins.
Preloading 0 native plugins for Editor in 0.00 ms.
Mono: successfully reloaded assembly
- Completed reload, in  0.779 seconds
Domain Reload Profiling:
	ReloadAssembly (780ms)
		BeginReloadAssembly (123ms)
			ExecutionOrderSort (0ms)
			DisableScriptedObjects (4ms)
			BackupInstance (0ms)
			ReleaseScriptingObjects (0ms)
			CreateAndSetChildDomain (16ms)
		EndReloadAssembly (604ms)
			LoadAssemblies (65ms)
			RebuildTransferFunctionScriptingTraits (0ms)
			SetupTypeCache (210ms)
			ReleaseScriptCaches (0ms)
			RebuildScriptCaches (34ms)
			SetupLoadedEditorAssemblies (221ms)
				LogAssemblyErrors (0ms)
				InitializePlatformSupportModulesInManaged (4ms)
				SetLoadedEditorAssemblies (0ms)
				RefreshPlugins (0ms)
				BeforeProcessingInitializeOnLoad (41ms)
				ProcessInitializeOnLoadAttributes (167ms)
				ProcessInitializeOnLoadMethodAttributes (3ms)
				AfterProcessingInitializeOnLoad (5ms)
				EditorAssembliesLoaded (0ms)
			ExecutionOrderSort2 (0ms)
			AwakeInstancesAfterBackupRestoration (6ms)
Platform modules already initialized, skipping
========================================================================
Worker process is ready to serve import requests
Launched and connected shader compiler UnityShaderCompiler.exe after 0.04 seconds
Refreshing native plugins compatible for Editor in 0.29 ms, found 2 plugins.
Preloading 0 native plugins for Editor in 0.00 ms.
Unloading 1397 Unused Serialized files (Serialized files now loaded: 0)
System memory in use before: 64.8 MB.
System memory in use after: 64.9 MB.

Unloading 16 unused Assets to reduce memory usage. Loaded Objects now: 1832.
Total: 2.467100 ms (FindLiveObjects: 0.148700 ms CreateObjectMapping: 0.033000 ms MarkObjects: 2.235500 ms  DeleteObjects: 0.048900 ms)

AssetImportParameters requested are different than current active one (requested -> active):
  custom:framework-win-MediaFoundation: 216162199b28c13a410421893ffa2e32 -> 
  custom:video-decoder-ogg-theora: a1e56fd34408186e4bbccfd4996cb3dc -> 
  custom:container-muxer-webm: aa71ff27fc2769a1b78a27578f13a17b -> 
  custom:container-demuxer-webm: 4f35f7cbe854078d1ac9338744f61a02 -> 
  custom:container-demuxer-ogg: 62fdf1f143b41e24485cea50d1cbac27 -> 
  custom:video-encoder-webm-vp8: eb34c28f22e8b96e1ab97ce403110664 -> 
  custom:video-decoder-webm-vp8: 9c59270c3fd7afecdb556c50c9e8de78 -> 
  custom:audio-decoder-ogg-vorbis: bf7c407c2cedff20999df2af8eb42d56 -> 
  custom:audio-encoder-webm-vorbis: bf7c407c2cedff20999df2af8eb42d56 -> 
========================================================================
Received Import Request.
  path: Assets
  artifactKey: Guid(00000000000000001000000000000000) Importer(815301076,1909f56bfc062723c751e8b465ee728b)
Start importing Assets using Guid(00000000000000001000000000000000) Importer(815301076,1909f56bfc062723c751e8b465ee728b)  -> (artifact id: '42d402b061de3733987d63b9cc3b64de') in 0.008472 seconds 
  Import took 0.010339 seconds .

========================================================================
Received Import Request.
  Time since last request: 2.292804 seconds.
  path: Assets/NewBehaviourScript.cs
  artifactKey: Guid(97874187812d806459f870bb4ba6d829) Importer(815301076,1909f56bfc062723c751e8b465ee728b)
Start importing Assets/NewBehaviourScript.cs using Guid(97874187812d806459f870bb4ba6d829) Importer(815301076,1909f56bfc062723c751e8b465ee728b)  -> (artifact id: 'c39917efa9d0f40a34ba440e541e9465') in 0.024937 seconds 
  Import took 0.027197 seconds .

========================================================================
Received Prepare
Registering precompiled user dll's ...
Registered in 0.001420 seconds.
Begin MonoManager ReloadAssembly
Native extension for WindowsStandalone target not found
Refreshing native plugins compatible for Editor in 0.31 ms, found 2 plugins.
Preloading 0 native plugins for Editor in 0.00 ms.
Mono: successfully reloaded assembly
- Completed reload, in  0.743 seconds
Domain Reload Profiling:
	ReloadAssembly (743ms)
		BeginReloadAssembly (92ms)
			ExecutionOrderSort (0ms)
			DisableScriptedObjects (3ms)
			BackupInstance (0ms)
			ReleaseScriptingObjects (0ms)
			CreateAndSetChildDomain (26ms)
		EndReloadAssembly (597ms)
			LoadAssemblies (65ms)
			RebuildTransferFunctionScriptingTraits (0ms)
			SetupTypeCache (214ms)
			ReleaseScriptCaches (1ms)
			RebuildScriptCaches (31ms)
			SetupLoadedEditorAssemblies (209ms)
				LogAssemblyErrors (0ms)
				InitializePlatformSupportModulesInManaged (4ms)
				SetLoadedEditorAssemblies (0ms)
				RefreshPlugins (0ms)
				BeforeProcessingInitializeOnLoad (39ms)
				ProcessInitializeOnLoadAttributes (157ms)
				ProcessInitializeOnLoadMethodAttributes (3ms)
				AfterProcessingInitializeOnLoad (5ms)
				EditorAssembliesLoaded (0ms)
			ExecutionOrderSort2 (0ms)
			AwakeInstancesAfterBackupRestoration (5ms)
Platform modules already initialized, skipping
Refreshing native plugins compatible for Editor in 0.29 ms, found 2 plugins.
Preloading 0 native plugins for Editor in 0.00 ms.
Unloading 1391 Unused Serialized files (Serialized files now loaded: 0)
System memory in use before: 64.6 MB.
System memory in use after: 64.7 MB.

Unloading 11 unused Assets to reduce memory usage. Loaded Objects now: 1834.
Total: 2.384200 ms (FindLiveObjects: 0.145300 ms CreateObjectMapping: 0.035000 ms MarkObjects: 2.188100 ms  DeleteObjects: 0.014700 ms)

AssetImportParameters requested are different than current active one (requested -> active):
  custom:framework-win-MediaFoundation: 216162199b28c13a410421893ffa2e32 -> 
  custom:video-decoder-ogg-theora: a1e56fd34408186e4bbccfd4996cb3dc -> 
  custom:container-muxer-webm: aa71ff27fc2769a1b78a27578f13a17b -> 
  custom:container-demuxer-webm: 4f35f7cbe854078d1ac9338744f61a02 -> 
  custom:container-demuxer-ogg: 62fdf1f143b41e24485cea50d1cbac27 -> 
  custom:video-encoder-webm-vp8: eb34c28f22e8b96e1ab97ce403110664 -> 
  custom:video-decoder-webm-vp8: 9c59270c3fd7afecdb556c50c9e8de78 -> 
  custom:audio-decoder-ogg-vorbis: bf7c407c2cedff20999df2af8eb42d56 -> 
  custom:audio-encoder-webm-vorbis: bf7c407c2cedff20999df2af8eb42d56 -> 
========================================================================
Received Import Request.
  Time since last request: 11.192645 seconds.
  path: Assets/Scripts
  artifactKey: Guid(3be89097ca784d7419ef05bee6293831) Importer(815301076,1909f56bfc062723c751e8b465ee728b)
Start importing Assets/Scripts using Guid(3be89097ca784d7419ef05bee6293831) Importer(815301076,1909f56bfc062723c751e8b465ee728b)  -> (artifact id: 'ac9fee98b67239ea8a8e01b177e22f97') in 0.007846 seconds 
  Import took 0.009996 seconds .

========================================================================
Received Import Request.
  Time since last request: 1.911342 seconds.
  path: Assets/Scenes
  artifactKey: Guid(d929f1f62fee67a4ab5f8fff1eaa862a) Importer(815301076,1909f56bfc062723c751e8b465ee728b)
Start importing Assets/Scenes using Guid(d929f1f62fee67a4ab5f8fff1eaa862a) Importer(815301076,1909f56bfc062723c751e8b465ee728b)  -> (artifact id: '41c56023f5bb935d68bbab8df58cb9a6') in 0.005863 seconds 
  Import took 0.007861 seconds .

========================================================================
Received Import Request.
  Time since last request: 0.856821 seconds.
  path: Assets/Scenes/SampleScene.unity
  artifactKey: Guid(9fc0d4010bbf28b4594072e72b8655ab) Importer(815301076,1909f56bfc062723c751e8b465ee728b)
Start importing Assets/Scenes/SampleScene.unity using Guid(9fc0d4010bbf28b4594072e72b8655ab) Importer(815301076,1909f56bfc062723c751e8b465ee728b)  -> (artifact id: '85059f4f9e1a832ed95adaa0d25c5c4c') in 0.011500 seconds 
  Import took 0.013747 seconds .

========================================================================
Received Import Request.
  Time since last request: 11.745389 seconds.
  path: Assets/Scenes/Entregable_4.unity
  artifactKey: Guid(9fc0d4010bbf28b4594072e72b8655ab) Importer(815301076,1909f56bfc062723c751e8b465ee728b)
Start importing Assets/Scenes/Entregable_4.unity using Guid(9fc0d4010bbf28b4594072e72b8655ab) Importer(815301076,1909f56bfc062723c751e8b465ee728b)  -> (artifact id: 'fca0c086ff66ce581a3f9f2768f76334') in 0.004929 seconds 
  Import took 0.006936 seconds .

========================================================================
Received Import Request.
  Time since last request: 128.705617 seconds.
  path: Assets/Scripts/ColorManager.cs
  artifactKey: Guid(d342ea60704724941ac206ba0fa2fb56) Importer(815301076,1909f56bfc062723c751e8b465ee728b)
Start importing Assets/Scripts/ColorManager.cs using Guid(d342ea60704724941ac206ba0fa2fb56) Importer(815301076,1909f56bfc062723c751e8b465ee728b)  -> (artifact id: '5c6f61f8291ac49d949b0bda5979c23c') in 0.004739 seconds 
  Import took 0.006847 seconds .

========================================================================
Received Prepare
Registering precompiled user dll's ...
Registered in 0.001565 seconds.
Begin MonoManager ReloadAssembly
Native extension for WindowsStandalone target not found
Refreshing native plugins compatible for Editor in 0.33 ms, found 2 plugins.
Preloading 0 native plugins for Editor in 0.00 ms.
Mono: successfully reloaded assembly
- Completed reload, in  0.737 seconds
Domain Reload Profiling:
	ReloadAssembly (737ms)
		BeginReloadAssembly (88ms)
			ExecutionOrderSort (0ms)
			DisableScriptedObjects (4ms)
			BackupInstance (0ms)
			ReleaseScriptingObjects (0ms)
			CreateAndSetChildDomain (26ms)
		EndReloadAssembly (595ms)
			LoadAssemblies (65ms)
			RebuildTransferFunctionScriptingTraits (0ms)
			SetupTypeCache (215ms)
			ReleaseScriptCaches (1ms)
			RebuildScriptCaches (30ms)
			SetupLoadedEditorAssemblies (208ms)
				LogAssemblyErrors (0ms)
				InitializePlatformSupportModulesInManaged (4ms)
				SetLoadedEditorAssemblies (0ms)
				RefreshPlugins (0ms)
				BeforeProcessingInitializeOnLoad (38ms)
				ProcessInitializeOnLoadAttributes (156ms)
				ProcessInitializeOnLoadMethodAttributes (3ms)
				AfterProcessingInitializeOnLoad (5ms)
				EditorAssembliesLoaded (0ms)
			ExecutionOrderSort2 (0ms)
			AwakeInstancesAfterBackupRestoration (6ms)
Platform modules already initialized, skipping
Refreshing native plugins compatible for Editor in 0.31 ms, found 2 plugins.
Preloading 0 native plugins for Editor in 0.00 ms.
Unloading 1392 Unused Serialized files (Serialized files now loaded: 0)
System memory in use before: 64.7 MB.
System memory in use after: 64.8 MB.

Unloading 11 unused Assets to reduce memory usage. Loaded Objects now: 1837.
Total: 2.722300 ms (FindLiveObjects: 0.137600 ms CreateObjectMapping: 0.037300 ms MarkObjects: 2.533400 ms  DeleteObjects: 0.013100 ms)

AssetImportParameters requested are different than current active one (requested -> active):
  custom:framework-win-MediaFoundation: 216162199b28c13a410421893ffa2e32 -> 
  custom:video-decoder-ogg-theora: a1e56fd34408186e4bbccfd4996cb3dc -> 
  custom:container-muxer-webm: aa71ff27fc2769a1b78a27578f13a17b -> 
  custom:container-demuxer-webm: 4f35f7cbe854078d1ac9338744f61a02 -> 
  custom:container-demuxer-ogg: 62fdf1f143b41e24485cea50d1cbac27 -> 
  custom:video-encoder-webm-vp8: eb34c28f22e8b96e1ab97ce403110664 -> 
  custom:video-decoder-webm-vp8: 9c59270c3fd7afecdb556c50c9e8de78 -> 
  custom:audio-decoder-ogg-vorbis: bf7c407c2cedff20999df2af8eb42d56 -> 
  custom:audio-encoder-webm-vorbis: bf7c407c2cedff20999df2af8eb42d56 -> 
========================================================================
Received Import Request.
  Time since last request: 271.255341 seconds.
  path: Assets/Materials
  artifactKey: Guid(75bdc7a2904f40940968759f541b88a3) Importer(815301076,1909f56bfc062723c751e8b465ee728b)
Start importing Assets/Materials using Guid(75bdc7a2904f40940968759f541b88a3) Importer(815301076,1909f56bfc062723c751e8b465ee728b)  -> (artifact id: '4f2b37c9f5441e8bea6a7335d6c1a5bc') in 0.007162 seconds 
  Import took 0.009346 seconds .

========================================================================
Received Import Request.
  Time since last request: 13.635848 seconds.
  path: Assets/Materials/New Material.mat
  artifactKey: Guid(01f841fb0f4a3224cbdef8796c7b15cc) Importer(815301076,1909f56bfc062723c751e8b465ee728b)
Start importing Assets/Materials/New Material.mat using Guid(01f841fb0f4a3224cbdef8796c7b15cc) Importer(815301076,1909f56bfc062723c751e8b465ee728b)  -> (artifact id: '9e436094ccc47531b5bc30cd28a19eca') in 0.075720 seconds 
  Import took 0.077790 seconds .

========================================================================
Received Import Request.
  Time since last request: 38.760726 seconds.
  path: Assets/Materials/Green_pickle.mat
  artifactKey: Guid(01f841fb0f4a3224cbdef8796c7b15cc) Importer(815301076,1909f56bfc062723c751e8b465ee728b)
Start importing Assets/Materials/Green_pickle.mat using Guid(01f841fb0f4a3224cbdef8796c7b15cc) Importer(815301076,1909f56bfc062723c751e8b465ee728b)  -> (artifact id: '6c08a81e101cc172a7233b092cc86cee') in 0.013156 seconds 
  Import took 0.015471 seconds .

========================================================================
Received Import Request.
  Time since last request: 88.452435 seconds.
  path: Assets/Materials/Pickle_rick.png
  artifactKey: Guid(fc56eab1e402c9840b60889041ccf96f) Importer(815301076,1909f56bfc062723c751e8b465ee728b)
Start importing Assets/Materials/Pickle_rick.png using Guid(fc56eab1e402c9840b60889041ccf96f) Importer(815301076,1909f56bfc062723c751e8b465ee728b)  -> (artifact id: '3821d5f358f4b76d7d79f8eb063bf6fc') in 0.018882 seconds 
  Import took 0.021244 seconds .

========================================================================
Received Import Request.
  Time since last request: 317.600431 seconds.
  path: Assets/Materials/Eyes_rick.mat
  artifactKey: Guid(24b8e687da4374343bb43f56834277fc) Importer(815301076,1909f56bfc062723c751e8b465ee728b)
Start importing Assets/Materials/Eyes_rick.mat using Guid(24b8e687da4374343bb43f56834277fc) Importer(815301076,1909f56bfc062723c751e8b465ee728b)  -> (artifact id: '5be4629400e990598ffe8e727385c8ee') in 0.012274 seconds 
  Import took 0.014508 seconds .

========================================================================
Received Import Request.
  Time since last request: 9.489524 seconds.
  path: Assets/Materials/Green_picklerick.mat
  artifactKey: Guid(01f841fb0f4a3224cbdef8796c7b15cc) Importer(815301076,1909f56bfc062723c751e8b465ee728b)
Start importing Assets/Materials/Green_picklerick.mat using Guid(01f841fb0f4a3224cbdef8796c7b15cc) Importer(815301076,1909f56bfc062723c751e8b465ee728b)  -> (artifact id: '31a0f664f525218002aac376342e9efb') in 0.017724 seconds 
  Import took 0.019879 seconds .

========================================================================
Received Import Request.
  Time since last request: 12.916261 seconds.
  path: Assets/Materials/Eyes_picklerick.mat
  artifactKey: Guid(24b8e687da4374343bb43f56834277fc) Importer(815301076,1909f56bfc062723c751e8b465ee728b)
Start importing Assets/Materials/Eyes_picklerick.mat using Guid(24b8e687da4374343bb43f56834277fc) Importer(815301076,1909f56bfc062723c751e8b465ee728b)  -> (artifact id: '8631ef8a45b33584d4cda25e6bcc9d0f') in 0.010262 seconds 
  Import took 0.012443 seconds .

========================================================================
Received Import Request.
  Time since last request: 20.893498 seconds.
  path: Assets/Materials/Eyes_pickle_rick.mat
  artifactKey: Guid(24b8e687da4374343bb43f56834277fc) Importer(815301076,1909f56bfc062723c751e8b465ee728b)
Start importing Assets/Materials/Eyes_pickle_rick.mat using Guid(24b8e687da4374343bb43f56834277fc) Importer(815301076,1909f56bfc062723c751e8b465ee728b)  -> (artifact id: 'c806b7c85acf6cc50f26f61c5eaafc11') in 0.010278 seconds 
  Import took 0.012653 seconds .

========================================================================
Received Import Request.
  Time since last request: 6.545747 seconds.
  path: Assets/Materials/Green_pickle_rick.mat
  artifactKey: Guid(01f841fb0f4a3224cbdef8796c7b15cc) Importer(815301076,1909f56bfc062723c751e8b465ee728b)
Start importing Assets/Materials/Green_pickle_rick.mat using Guid(01f841fb0f4a3224cbdef8796c7b15cc) Importer(815301076,1909f56bfc062723c751e8b465ee728b)  -> (artifact id: 'e9823873885a32d0f5adfe9f027cae93') in 0.010882 seconds 
  Import took 0.013107 seconds .

========================================================================
Received Import Request.
  Time since last request: 259.558042 seconds.
  path: Assets/Materials/Eyes_pickle_rick.mat
  artifactKey: Guid(24b8e687da4374343bb43f56834277fc) Importer(815301076,1909f56bfc062723c751e8b465ee728b)
Start importing Assets/Materials/Eyes_pickle_rick.mat using Guid(24b8e687da4374343bb43f56834277fc) Importer(815301076,1909f56bfc062723c751e8b465ee728b)  -> (artifact id: 'cd9335bab3f5dd7abd98f701bd8f8b67') in 0.022408 seconds 
  Import took 0.024612 seconds .

========================================================================
Received Import Request.
  Time since last request: 377.999205 seconds.
  path: Assets/Materials/New Material.mat
  artifactKey: Guid(b91c18e16a984cc40b79c98cdfaec929) Importer(815301076,1909f56bfc062723c751e8b465ee728b)
Start importing Assets/Materials/New Material.mat using Guid(b91c18e16a984cc40b79c98cdfaec929) Importer(815301076,1909f56bfc062723c751e8b465ee728b)  -> (artifact id: '2e99e9a40be0bd0287b66a624e37b546') in 0.027047 seconds 
  Import took 0.029364 seconds .

========================================================================
Received Import Request.
  Time since last request: 40.684844 seconds.
  path: Assets/Materials/New Material.mat
  artifactKey: Guid(b91c18e16a984cc40b79c98cdfaec929) Importer(815301076,1909f56bfc062723c751e8b465ee728b)
Start importing Assets/Materials/New Material.mat using Guid(b91c18e16a984cc40b79c98cdfaec929) Importer(815301076,1909f56bfc062723c751e8b465ee728b)  -> (artifact id: '69b835c1d72e743738f8b1b54bd5f856') in 0.013303 seconds 
  Import took 0.015512 seconds .

AssetImportWorkerClient::OnTransportError - code=2 error=End of file
